

Version:	3.12
CmdLine:	E:\NetBeansProjects\CrepeHut\CrepeHut.exe --l4j-debug
WOW64:		yes
Working dir:	E:\NetBeansProjects\CrepeHut\.
Java min ver:	1.000.000
Java max ver:	1.010.000_000
64-bit search:	SOFTWARE\JavaSoft\Java Runtime Environment...
Check:		SOFTWARE\JavaSoft\Java Runtime Environment\1.8
Check launcher:	C:\Program Files\Java\jre1.8.0_111\bin\javaw.exe (OK)
Match:		1.008.000
64-bit search:	SOFTWARE\JavaSoft\Java Development Kit...
Check:		SOFTWARE\JavaSoft\Java Development Kit\1.8
Ignore:		1.008.000
Check:		SOFTWARE\JavaSoft\Java Development Kit\1.8.0_111
Check launcher:	C:\PROGRA~1\Java\JDK18~1.0_1\bin\javaw.exe (OK)
Match:		1.008.000_111
64-bit search:	SOFTWARE\JavaSoft\JRE...
64-bit search:	SOFTWARE\JavaSoft\JDK...
Runtime used:	1.008.000_111 (64-bit)
Launcher:	C:\PROGRA~1\Java\JDK18~1.0_1\bin\javaw.exe
Launcher args:	-jar "E:\NetBeansProjects\CrepeHut\CrepeHut.exe"
Args length:	48/32768 chars
Exit code:	0


Version:	3.12
CmdLine:	E:\NetBeansProjects\CrepeHut\CrepeHut.exe --l4j-debug
WOW64:		yes
Working dir:	E:\NetBeansProjects\CrepeHut\.
Java min ver:	1.000.000
Java max ver:	1.010.000_000
64-bit search:	SOFTWARE\JavaSoft\Java Runtime Environment...
Check:		SOFTWARE\JavaSoft\Java Runtime Environment\1.8
Check launcher:	C:\Program Files\Java\jre1.8.0_111\bin\javaw.exe (OK)
Match:		1.008.000
64-bit search:	SOFTWARE\JavaSoft\Java Development Kit...
Check:		SOFTWARE\JavaSoft\Java Development Kit\1.8
Ignore:		1.008.000
Check:		SOFTWARE\JavaSoft\Java Development Kit\1.8.0_111
Check launcher:	C:\PROGRA~1\Java\JDK18~1.0_1\bin\javaw.exe (OK)
Match:		1.008.000_111
64-bit search:	SOFTWARE\JavaSoft\JRE...
64-bit search:	SOFTWARE\JavaSoft\JDK...
Runtime used:	1.008.000_111 (64-bit)
Launcher:	C:\PROGRA~1\Java\JDK18~1.0_1\bin\javaw.exe
Launcher args:	-jar "E:\NetBeansProjects\CrepeHut\CrepeHut.exe"
Args length:	48/32768 chars
Exit code:	0


Version:	3.12
CmdLine:	E:\NetBeansProjects\CrepeHut\CrepeHut.exe --l4j-debug
WOW64:		yes
Working dir:	E:\NetBeansProjects\CrepeHut\.
Java min ver:	1.000.000
Java max ver:	1.010.000_000
64-bit search:	SOFTWARE\JavaSoft\Java Runtime Environment...
Check:		SOFTWARE\JavaSoft\Java Runtime Environment\1.8
Check launcher:	C:\Program Files\Java\jre1.8.0_111\bin\javaw.exe (OK)
Match:		1.008.000
64-bit search:	SOFTWARE\JavaSoft\Java Development Kit...
Check:		SOFTWARE\JavaSoft\Java Development Kit\1.8
Ignore:		1.008.000
Check:		SOFTWARE\JavaSoft\Java Development Kit\1.8.0_111
Check launcher:	C:\PROGRA~1\Java\JDK18~1.0_1\bin\javaw.exe (OK)
Match:		1.008.000_111
64-bit search:	SOFTWARE\JavaSoft\JRE...
64-bit search:	SOFTWARE\JavaSoft\JDK...
Runtime used:	1.008.000_111 (64-bit)
Launcher:	C:\PROGRA~1\Java\JDK18~1.0_1\bin\javaw.exe
Launcher args:	-jar "E:\NetBeansProjects\CrepeHut\CrepeHut.exe"
Args length:	48/32768 chars
Exit code:	0
